<?xml version="1.0" encoding="UTF-8"?>
<!-- Generated by org.testng.reporters.JUnitReportReporter -->
<testsuite hostname="DESKTOP-HM27A8M" failures="0" tests="2" name="Practice_package.SampleTestNGTest_3" time="0.011" errors="0" timestamp="2023-01-10T17:26:33 IST" skipped="0">
  <testcase classname="Practice_package.SampleTestNGTest_3" name="simple6" time="0.009"/>
  <system-out/>
  <testcase classname="Practice_package.SampleTestNGTest_3" name="simple5" time="0.002"/>
  <system-out/>
</testsuite> <!-- Practice_package.SampleTestNGTest_3 -->
