<?xml version="1.0" encoding="UTF-8"?>
<!-- Generated by org.testng.reporters.JUnitReportReporter -->
<testsuite hostname="DESKTOP-HM27A8M" failures="0" tests="3" name="Practice_package.DataProvider1" time="0.045" errors="0" timestamp="2023-01-06T16:59:32 IST" skipped="0">
  <testcase classname="Practice_package.DataProvider1" name="travel" time="0.010"/>
  <system-out/>
  <testcase classname="Practice_package.DataProvider1" name="travel" time="0.010"/>
  <system-out/>
  <testcase classname="Practice_package.DataProvider1" name="travel" time="0.025"/>
  <system-out/>
</testsuite> <!-- Practice_package.DataProvider1 -->
