<?xml version="1.0" encoding="UTF-8"?>
<!-- Generated by org.testng.reporters.JUnitReportReporter -->
<testsuite hostname="DESKTOP-HM27A8M" failures="0" tests="1" name="TestNGtestscript.CreateOrg_test" time="91.925" errors="0" timestamp="2023-01-11T12:22:34 IST" skipped="0">
  <testcase classname="TestNGtestscript.CreateOrg_test" name="createOrg" time="91.925"/>
  <system-out/>
</testsuite> <!-- TestNGtestscript.CreateOrg_test -->
