<?xml version="1.0" encoding="UTF-8"?>
<!-- Generated by org.testng.reporters.JUnitReportReporter -->
<testsuite hostname="DESKTOP-HM27A8M" failures="0" tests="1" name="TestNGtestscript.Faq_interationTesting_Test" time="33.701" errors="0" timestamp="2023-01-18T23:21:57 IST" skipped="0">
  <testcase classname="TestNGtestscript.Faq_interationTesting_Test" name="searchproduct" time="33.701"/>
  <system-out/>
</testsuite> <!-- TestNGtestscript.Faq_interationTesting_Test -->
