<?xml version="1.0" encoding="UTF-8"?>
<!-- Generated by org.testng.reporters.JUnitReportReporter -->
<testsuite hostname="DESKTOP-HM27A8M" failures="0" tests="4" name="Practice_package.tetng3" time="0.044" errors="0" timestamp="2023-01-06T14:52:06 IST" skipped="0">
  <testcase classname="Practice_package.tetng3" name="update" time="0.008"/>
  <system-out/>
  <testcase classname="Practice_package.tetng3" name="delete" time="0.024"/>
  <system-out/>
  <testcase classname="Practice_package.tetng3" name="create" time="0.008"/>
  <system-out/>
  <testcase classname="Practice_package.tetng3" name="create" time="0.004"/>
  <system-out/>
</testsuite> <!-- Practice_package.tetng3 -->
