<?xml version="1.0" encoding="UTF-8"?>
<!-- Generated by org.testng.reporters.JUnitReportReporter -->
<testsuite hostname="DESKTOP-HM27A8M" failures="0" tests="1" name="Practice_package.SampleTestNGTest_2" time="0.008" errors="0" timestamp="2023-01-10T17:26:33 IST" skipped="0">
  <testcase classname="Practice_package.SampleTestNGTest_2" name="simple4" time="0.008"/>
  <system-out/>
</testsuite> <!-- Practice_package.SampleTestNGTest_2 -->
