<?xml version="1.0" encoding="UTF-8"?>
<!-- Generated by org.testng.reporters.JUnitReportReporter -->
<testsuite hostname="DESKTOP-HM27A8M" failures="0" tests="1" name="TestNGtestscript.DeleteOrg_recylebinTest" time="48.899" errors="0" timestamp="2023-01-18T23:23:17 IST" skipped="0">
  <testcase classname="TestNGtestscript.DeleteOrg_recylebinTest" name="deleteOrgrecyle" time="48.899"/>
  <system-out/>
</testsuite> <!-- TestNGtestscript.DeleteOrg_recylebinTest -->
